09/06/04 06:46:33.732 10.1.3.3.0 Started
09/06/04 06:46:46.64 prjWeb: 10.1.3.3.0 Started
09/06/04 06:50:57.156 prjWeb: 10.1.3.3.0 Stopped
09/06/04 06:50:58.473 10.1.3.3.0 Started
09/06/04 06:51:08.733 prjWeb: 10.1.3.3.0 Started
09/06/04 07:03:10.585 10.1.3.3.0 Started
09/06/04 07:03:23.12 prjWeb: 10.1.3.3.0 Started
09/06/04 07:03:41.188 prjWeb: Se ha forzado la interrupción de una conexión existente por el host remoto
09/06/04 07:03:41.195 prjWeb: Se ha forzado la interrupción de una conexión existente por el host remoto
09/06/04 07:03:41.196 prjWeb: Se ha forzado la interrupción de una conexión existente por el host remoto
09/06/05 13:31:14.712 10.1.3.3.0 Started
09/06/05 13:31:19.600 prjWeb: 10.1.3.3.0 Started
09/06/05 13:32:21.984 prjWeb: Se ha forzado la interrupción de una conexión existente por el host remoto
09/06/05 13:32:21.986 prjWeb: Se ha forzado la interrupción de una conexión existente por el host remoto
09/06/05 13:32:21.986 prjWeb: Se ha forzado la interrupción de una conexión existente por el host remoto
09/06/05 13:32:31.502 prjWeb: Se ha forzado la interrupción de una conexión existente por el host remoto
09/06/05 13:32:31.502 prjWeb: Se ha forzado la interrupción de una conexión existente por el host remoto
09/06/05 13:32:31.502 prjWeb: Se ha forzado la interrupción de una conexión existente por el host remoto
09/06/05 13:32:38.824 prjWeb: Se ha forzado la interrupción de una conexión existente por el host remoto
09/06/05 13:32:38.824 prjWeb: Se ha forzado la interrupción de una conexión existente por el host remoto
09/06/05 13:32:38.825 prjWeb: Se ha forzado la interrupción de una conexión existente por el host remoto
09/06/05 13:33:16.819 prjWeb: Se ha forzado la interrupción de una conexión existente por el host remoto
09/06/05 13:33:16.819 prjWeb: Se ha forzado la interrupción de una conexión existente por el host remoto
09/06/05 13:33:16.820 prjWeb: Se ha forzado la interrupción de una conexión existente por el host remoto
09/06/05 13:33:28.868 prjWeb: Se ha forzado la interrupción de una conexión existente por el host remoto
09/06/05 13:33:28.869 prjWeb: Se ha forzado la interrupción de una conexión existente por el host remoto
09/06/05 13:33:28.869 prjWeb: Se ha forzado la interrupción de una conexión existente por el host remoto
09/06/05 13:33:35.543 prjWeb: Se ha forzado la interrupción de una conexión existente por el host remoto
09/06/05 13:33:35.543 prjWeb: Se ha forzado la interrupción de una conexión existente por el host remoto
09/06/05 13:33:35.543 prjWeb: Se ha forzado la interrupción de una conexión existente por el host remoto
09/06/05 13:36:55.498 prjWeb: Se ha forzado la interrupción de una conexión existente por el host remoto
09/06/05 13:36:55.498 prjWeb: Se ha forzado la interrupción de una conexión existente por el host remoto
09/06/05 13:36:55.499 prjWeb: Se ha forzado la interrupción de una conexión existente por el host remoto
09/06/05 13:37:04.402 prjWeb: Se ha forzado la interrupción de una conexión existente por el host remoto
09/06/05 13:37:04.402 prjWeb: Se ha forzado la interrupción de una conexión existente por el host remoto
09/06/05 13:37:04.402 prjWeb: Se ha forzado la interrupción de una conexión existente por el host remoto
09/06/05 13:37:49.541 prjWeb: JspServlet: No se ha podido distribuir a la página solicitada: oracle.jsp.parse.JspParseException: /pages/proyecto/proyecto.jsp: Número de Línea 169,                 <c:out value="${proyectos.size()}"/> 
Error: javax.servlet.jsp.el.ELException: Encountered "(", expected one of ["}", ".", ">", "gt", "<", "lt", "==", "eq", "<=", "le", ">=", "ge", "!=", "ne", "[", "+", "-", "*", "/", "div", "%", "mod", "and", "&&", "or", "||", "?"]
	at oracle.jsp.parse.JspUtils.parseELInAttributeValue(JspUtils.java:1185)
	at oracle.jsp.parse.JspUtils.hasELWithCreation(JspUtils.java:1272)
	at oracle.jsp.parse.JspUtils.processELAttribute(JspUtils.java:1302)
	at oracle.jsp.parse.OpenJspTagHandler.processAttributeValue(OpenJspTagHandler.java:344)
	at oracle.jsp.parse.JspParseTag.parse(JspParseTag.java:1439)
	at oracle.jsp.parse.OpenJspTagHandler.parse(OpenJspTagHandler.java:816)
	at oracle.jsp.parse.JspParseTag.parseNextTag(JspParseTag.java:1019)
	at oracle.jsp.parse.JspParseTag.parseBody(JspParseTag.java:1345)
	at oracle.jsp.parse.OpenJspTagHandler.parseBody(OpenJspTagHandler.java:725)
	at oracle.jsp.parse.JspParseTag.parse(JspParseTag.java:1455)
	at oracle.jsp.parse.OpenJspTagHandler.parse(OpenJspTagHandler.java:816)
	at oracle.jsp.parse.JspParseTag.parseNextTag(JspParseTag.java:1019)
	at oracle.jsp.parse.JspParseTagFile.parse(JspParseTagFile.java:250)
	at oracle.jsp.parse.OracleJsp2Java.transform(OracleJsp2Java.java:479)
	at oracle.jsp.runtimev2.JspPageCompiler.attemptCompilePage(JspPageCompiler.java:670)
	at oracle.jsp.runtimev2.JspPageCompiler.compileBothModes(JspPageCompiler.java:456)
	at oracle.jsp.runtimev2.JspPageCompiler.compilePage(JspPageCompiler.java:413)
	at oracle.jsp.runtimev2.JspPageInfo.compileAndLoad(JspPageInfo.java:705)
	at oracle.jsp.runtimev2.JspPageTable.compileAndServe(JspPageTable.java:694)
	at oracle.jsp.runtimev2.JspPageTable.service(JspPageTable.java:414)
	at oracle.jsp.runtimev2.JspServlet.internalService(JspServlet.java:594)
	at oracle.jsp.runtimev2.JspServlet.service(JspServlet.java:518)
	at javax.servlet.http.HttpServlet.service(HttpServlet.java:856)
	at com.evermind.server.http.ServletRequestDispatcher.invoke(ServletRequestDispatcher.java:713)
	at com.evermind.server.http.ServletRequestDispatcher.forwardInternal(ServletRequestDispatcher.java:370)
	at com.evermind.server.http.ServletRequestDispatcher.unprivileged_forward(ServletRequestDispatcher.java:259)
	at com.evermind.server.http.ServletRequestDispatcher.access$100(ServletRequestDispatcher.java:51)
	at com.evermind.server.http.ServletRequestDispatcher$2.oc4jRun(ServletRequestDispatcher.java:193)
	at oracle.oc4j.security.OC4JSecurity.doPrivileged(OC4JSecurity.java:283)
	at com.evermind.server.http.ServletRequestDispatcher.forward(ServletRequestDispatcher.java:198)
	at org.apache.struts2.dispatcher.ServletDispatcherResult.doExecute(ServletDispatcherResult.java:154)
	at org.apache.struts2.dispatcher.StrutsResultSupport.execute(StrutsResultSupport.java:186)
	at com.opensymphony.xwork2.DefaultActionInvocation.executeResult(DefaultActionInvocation.java:361)
	at com.opensymphony.xwork2.DefaultActionInvocation.invoke(DefaultActionInvocation.java:265)
	at com.opensymphony.xwork2.interceptor.ParametersInterceptor.doIntercept(ParametersInterceptor.java:195)
	at com.opensymphony.xwork2.interceptor.MethodFilterInterceptor.intercept(MethodFilterInterceptor.java:87)
	at com.opensymphony.xwork2.DefaultActionInvocation.invoke(DefaultActionInvocation.java:236)
	at com.opensymphony.xwork2.interceptor.PrepareInterceptor.doIntercept(PrepareInterceptor.java:138)
	at com.opensymphony.xwork2.interceptor.MethodFilterInterceptor.intercept(MethodFilterInterceptor.java:87)
	at com.opensymphony.xwork2.DefaultActionInvocation.invoke(DefaultActionInvocation.java:236)
	at org.apache.struts2.impl.StrutsActionProxy.execute(StrutsActionProxy.java:52)
	at org.apache.struts2.dispatcher.Dispatcher.serviceAction(Dispatcher.java:468)
	at org.apache.struts2.dispatcher.ng.ExecuteOperations.executeAction(ExecuteOperations.java:77)
	at org.apache.struts2.dispatcher.ng.filter.StrutsPrepareAndExecuteFilter.doFilter(StrutsPrepareAndExecuteFilter.java:76)
	at com.evermind.server.http.ServletRequestDispatcher.invoke(ServletRequestDispatcher.java:623)
	at com.evermind.server.http.ServletRequestDispatcher.forwardInternal(ServletRequestDispatcher.java:370)
	at com.evermind.server.http.HttpRequestHandler.handleNotFound(HttpRequestHandler.java:1041)
	at com.evermind.server.http.HttpRequestHandler.doProcessRequest(HttpRequestHandler.java:911)
	at com.evermind.server.http.HttpRequestHandler.processRequest(HttpRequestHandler.java:453)
	at com.evermind.server.http.HttpRequestHandler.serveOneRequest(HttpRequestHandler.java:221)
	at com.evermind.server.http.HttpRequestHandler.run(HttpRequestHandler.java:122)
	at com.evermind.server.http.HttpRequestHandler.run(HttpRequestHandler.java:111)
	at oracle.oc4j.network.ServerSocketReadHandler$SafeRunnable.run(ServerSocketReadHandler.java:260)
	at oracle.oc4j.network.ServerSocketAcceptHandler.procClientSocket(ServerSocketAcceptHandler.java:239)
	at oracle.oc4j.network.ServerSocketAcceptHandler.access$700(ServerSocketAcceptHandler.java:34)
	at oracle.oc4j.network.ServerSocketAcceptHandler$AcceptHandlerHorse.run(ServerSocketAcceptHandler.java:880)
	at com.evermind.util.ReleasableResourcePooledExecutor$MyWorker.run(ReleasableResourcePooledExecutor.java:303)
	at java.lang.Thread.run(Thread.java:595)

09/06/05 13:42:56.41 prjWeb: Se ha forzado la interrupción de una conexión existente por el host remoto
09/06/05 13:42:56.41 prjWeb: Se ha forzado la interrupción de una conexión existente por el host remoto
09/06/05 13:42:56.41 prjWeb: Se ha forzado la interrupción de una conexión existente por el host remoto
09/06/05 13:43:01.857 prjWeb: Se ha forzado la interrupción de una conexión existente por el host remoto
09/06/05 13:43:01.857 prjWeb: Se ha forzado la interrupción de una conexión existente por el host remoto
09/06/05 13:43:01.857 prjWeb: Se ha forzado la interrupción de una conexión existente por el host remoto
09/06/05 13:43:02.833 prjWeb: Se ha forzado la interrupción de una conexión existente por el host remoto
09/06/05 13:43:02.833 prjWeb: Se ha forzado la interrupción de una conexión existente por el host remoto
09/06/05 13:43:02.833 prjWeb: Se ha forzado la interrupción de una conexión existente por el host remoto
09/06/05 13:43:06.581 prjWeb: Se ha forzado la interrupción de una conexión existente por el host remoto
09/06/05 13:43:06.582 prjWeb: Se ha forzado la interrupción de una conexión existente por el host remoto
09/06/05 13:43:06.582 prjWeb: Se ha forzado la interrupción de una conexión existente por el host remoto
09/06/05 13:43:08.104 prjWeb: Se ha forzado la interrupción de una conexión existente por el host remoto
09/06/05 13:43:08.104 prjWeb: Se ha forzado la interrupción de una conexión existente por el host remoto
09/06/05 13:43:08.104 prjWeb: Se ha forzado la interrupción de una conexión existente por el host remoto
09/06/05 13:43:14.690 prjWeb: Se ha forzado la interrupción de una conexión existente por el host remoto
09/06/05 13:43:14.690 prjWeb: Se ha forzado la interrupción de una conexión existente por el host remoto
09/06/05 13:43:14.691 prjWeb: Se ha forzado la interrupción de una conexión existente por el host remoto
09/06/05 13:43:18.411 prjWeb: Se ha forzado la interrupción de una conexión existente por el host remoto
09/06/05 13:43:18.411 prjWeb: Se ha forzado la interrupción de una conexión existente por el host remoto
09/06/05 13:43:18.411 prjWeb: Se ha forzado la interrupción de una conexión existente por el host remoto
09/06/05 13:43:20.249 prjWeb: Se ha forzado la interrupción de una conexión existente por el host remoto
09/06/05 13:43:20.250 prjWeb: Se ha forzado la interrupción de una conexión existente por el host remoto
09/06/05 13:43:20.250 prjWeb: Se ha forzado la interrupción de una conexión existente por el host remoto
09/06/05 13:43:21.347 prjWeb: Se ha forzado la interrupción de una conexión existente por el host remoto
09/06/05 13:43:21.347 prjWeb: Se ha forzado la interrupción de una conexión existente por el host remoto
09/06/05 13:43:21.348 prjWeb: Se ha forzado la interrupción de una conexión existente por el host remoto
09/06/05 13:49:46.120 prjWeb: Se ha forzado la interrupción de una conexión existente por el host remoto
09/06/05 13:49:46.120 prjWeb: Se ha forzado la interrupción de una conexión existente por el host remoto
09/06/05 13:49:46.120 prjWeb: Se ha forzado la interrupción de una conexión existente por el host remoto
09/06/05 13:49:55.214 prjWeb: Se ha forzado la interrupción de una conexión existente por el host remoto
09/06/05 13:49:55.215 prjWeb: Se ha forzado la interrupción de una conexión existente por el host remoto
09/06/05 13:49:55.215 prjWeb: Se ha forzado la interrupción de una conexión existente por el host remoto
09/06/05 13:57:02.191 prjWeb: Se ha forzado la interrupción de una conexión existente por el host remoto
09/06/05 13:57:02.191 prjWeb: Se ha forzado la interrupción de una conexión existente por el host remoto
09/06/05 13:57:02.191 prjWeb: Se ha forzado la interrupción de una conexión existente por el host remoto
09/06/05 13:57:32.455 prjWeb: Se ha forzado la interrupción de una conexión existente por el host remoto
09/06/05 13:57:32.455 prjWeb: Se ha forzado la interrupción de una conexión existente por el host remoto
09/06/05 13:57:32.455 prjWeb: Se ha forzado la interrupción de una conexión existente por el host remoto
09/06/05 14:04:31.583 prjWeb: Se ha forzado la interrupción de una conexión existente por el host remoto
09/06/05 14:04:31.583 prjWeb: Se ha forzado la interrupción de una conexión existente por el host remoto
09/06/05 14:04:31.583 prjWeb: Se ha forzado la interrupción de una conexión existente por el host remoto
09/06/05 14:10:24.454 prjWeb: Se ha forzado la interrupción de una conexión existente por el host remoto
09/06/05 14:10:24.455 prjWeb: Se ha forzado la interrupción de una conexión existente por el host remoto
09/06/05 14:10:24.455 prjWeb: Se ha forzado la interrupción de una conexión existente por el host remoto
09/06/05 14:11:58.893 prjWeb: Se ha forzado la interrupción de una conexión existente por el host remoto
09/06/05 14:11:58.893 prjWeb: Se ha forzado la interrupción de una conexión existente por el host remoto
09/06/05 14:11:58.893 prjWeb: Se ha forzado la interrupción de una conexión existente por el host remoto
09/06/05 14:14:17.384 prjWeb: Se ha forzado la interrupción de una conexión existente por el host remoto
09/06/05 14:14:17.384 prjWeb: Se ha forzado la interrupción de una conexión existente por el host remoto
09/06/05 14:14:17.384 prjWeb: Se ha forzado la interrupción de una conexión existente por el host remoto
09/06/05 14:15:01.396 prjWeb: Se ha forzado la interrupción de una conexión existente por el host remoto
09/06/05 14:15:01.410 prjWeb: Se ha forzado la interrupción de una conexión existente por el host remoto
09/06/05 14:15:01.410 prjWeb: Se ha forzado la interrupción de una conexión existente por el host remoto
09/06/05 14:15:24.75 prjWeb: Se ha forzado la interrupción de una conexión existente por el host remoto
09/06/05 14:15:24.75 prjWeb: Se ha forzado la interrupción de una conexión existente por el host remoto
09/06/05 14:15:24.75 prjWeb: Se ha forzado la interrupción de una conexión existente por el host remoto
09/06/05 14:43:28.88 prjWeb: JspServlet: No se ha podido distribuir a la página solicitada: java.io.FileNotFoundException: C:\software\java\eclipsewin32\wsSCA\fuentes\appSCA\prjWeb\public_html\proyecto.jsp (El sistema no puede encontrar el archivo especificado)
	at java.io.FileInputStream.open(Native Method)
	at java.io.FileInputStream.<init>(FileInputStream.java:106)
	at java.io.FileInputStream.<init>(FileInputStream.java:66)
	at oracle.jsp.provider.JspFilesystemResource.fromStream(JspFilesystemResource.java:151)
	at oracle.jsp.parse.XMLUtil.getFromStream(XMLUtil.java:236)
	at oracle.jsp.runtimev2.JspPageCompiler.compileBothModes(JspPageCompiler.java:449)
	at oracle.jsp.runtimev2.JspPageCompiler.compilePage(JspPageCompiler.java:413)
	at oracle.jsp.runtimev2.JspPageInfo.compileAndLoad(JspPageInfo.java:705)
	at oracle.jsp.runtimev2.JspPageTable.compileAndServe(JspPageTable.java:694)
	at oracle.jsp.runtimev2.JspPageTable.service(JspPageTable.java:414)
	at oracle.jsp.runtimev2.JspServlet.internalService(JspServlet.java:594)
	at oracle.jsp.runtimev2.JspServlet.service(JspServlet.java:518)
	at javax.servlet.http.HttpServlet.service(HttpServlet.java:856)
	at com.evermind.server.http.ResourceFilterChain.doFilter(ResourceFilterChain.java:65)
	at org.apache.struts2.dispatcher.ng.filter.StrutsPrepareAndExecuteFilter.doFilter(StrutsPrepareAndExecuteFilter.java:73)
	at com.evermind.server.http.ServletRequestDispatcher.invoke(ServletRequestDispatcher.java:623)
	at com.evermind.server.http.ServletRequestDispatcher.forwardInternal(ServletRequestDispatcher.java:370)
	at com.evermind.server.http.HttpRequestHandler.doProcessRequest(HttpRequestHandler.java:871)
	at com.evermind.server.http.HttpRequestHandler.processRequest(HttpRequestHandler.java:453)
	at com.evermind.server.http.HttpRequestHandler.serveOneRequest(HttpRequestHandler.java:221)
	at com.evermind.server.http.HttpRequestHandler.run(HttpRequestHandler.java:122)
	at com.evermind.server.http.HttpRequestHandler.run(HttpRequestHandler.java:111)
	at oracle.oc4j.network.ServerSocketReadHandler$SafeRunnable.run(ServerSocketReadHandler.java:260)
	at oracle.oc4j.network.ServerSocketAcceptHandler.procClientSocket(ServerSocketAcceptHandler.java:239)
	at oracle.oc4j.network.ServerSocketAcceptHandler.access$700(ServerSocketAcceptHandler.java:34)
	at oracle.oc4j.network.ServerSocketAcceptHandler$AcceptHandlerHorse.run(ServerSocketAcceptHandler.java:880)
	at com.evermind.util.ReleasableResourcePooledExecutor$MyWorker.run(ReleasableResourcePooledExecutor.java:303)
	at java.lang.Thread.run(Thread.java:595)

09/06/05 14:44:19.848 prjWeb: Se ha forzado la interrupción de una conexión existente por el host remoto
09/06/05 14:44:19.848 prjWeb: Se ha forzado la interrupción de una conexión existente por el host remoto
09/06/05 14:44:19.848 prjWeb: Se ha forzado la interrupción de una conexión existente por el host remoto
09/06/05 14:46:37.738 prjWeb: Se ha forzado la interrupción de una conexión existente por el host remoto
09/06/05 14:46:37.739 prjWeb: Se ha forzado la interrupción de una conexión existente por el host remoto
09/06/05 14:46:37.739 prjWeb: Se ha forzado la interrupción de una conexión existente por el host remoto
09/06/05 14:48:51.401 prjWeb: Se ha forzado la interrupción de una conexión existente por el host remoto
09/06/05 14:48:51.403 prjWeb: Se ha forzado la interrupción de una conexión existente por el host remoto
09/06/05 14:48:51.403 prjWeb: Se ha forzado la interrupción de una conexión existente por el host remoto
09/06/05 14:50:06.39 prjWeb: Se ha forzado la interrupción de una conexión existente por el host remoto
09/06/05 14:50:06.41 prjWeb: Se ha forzado la interrupción de una conexión existente por el host remoto
09/06/05 14:50:06.41 prjWeb: Se ha forzado la interrupción de una conexión existente por el host remoto
09/06/05 14:50:54.530 prjWeb: Se ha forzado la interrupción de una conexión existente por el host remoto
09/06/05 14:50:54.531 prjWeb: Se ha forzado la interrupción de una conexión existente por el host remoto
09/06/05 14:50:54.531 prjWeb: Se ha forzado la interrupción de una conexión existente por el host remoto
09/06/05 14:51:15.502 prjWeb: Se ha forzado la interrupción de una conexión existente por el host remoto
09/06/05 14:51:15.502 prjWeb: Se ha forzado la interrupción de una conexión existente por el host remoto
09/06/05 14:51:15.505 prjWeb: Se ha forzado la interrupción de una conexión existente por el host remoto
09/06/05 14:52:16.414 prjWeb: JspServlet: No se ha podido distribuir a la página solicitada: java.io.FileNotFoundException: C:\software\java\eclipsewin32\wsSCA\fuentes\appSCA\prjWeb\public_html\proyecto1.jsp (El sistema no puede encontrar el archivo especificado)
	at java.io.FileInputStream.open(Native Method)
	at java.io.FileInputStream.<init>(FileInputStream.java:106)
	at java.io.FileInputStream.<init>(FileInputStream.java:66)
	at oracle.jsp.provider.JspFilesystemResource.fromStream(JspFilesystemResource.java:151)
	at oracle.jsp.parse.XMLUtil.getFromStream(XMLUtil.java:236)
	at oracle.jsp.runtimev2.JspPageCompiler.compileBothModes(JspPageCompiler.java:449)
	at oracle.jsp.runtimev2.JspPageCompiler.compilePage(JspPageCompiler.java:413)
	at oracle.jsp.runtimev2.JspPageInfo.compileAndLoad(JspPageInfo.java:705)
	at oracle.jsp.runtimev2.JspPageTable.compileAndServe(JspPageTable.java:694)
	at oracle.jsp.runtimev2.JspPageTable.service(JspPageTable.java:414)
	at oracle.jsp.runtimev2.JspServlet.internalService(JspServlet.java:594)
	at oracle.jsp.runtimev2.JspServlet.service(JspServlet.java:518)
	at javax.servlet.http.HttpServlet.service(HttpServlet.java:856)
	at com.evermind.server.http.ResourceFilterChain.doFilter(ResourceFilterChain.java:65)
	at org.apache.struts2.dispatcher.ng.filter.StrutsPrepareAndExecuteFilter.doFilter(StrutsPrepareAndExecuteFilter.java:73)
	at com.evermind.server.http.ServletRequestDispatcher.invoke(ServletRequestDispatcher.java:623)
	at com.evermind.server.http.ServletRequestDispatcher.forwardInternal(ServletRequestDispatcher.java:370)
	at com.evermind.server.http.HttpRequestHandler.doProcessRequest(HttpRequestHandler.java:871)
	at com.evermind.server.http.HttpRequestHandler.processRequest(HttpRequestHandler.java:453)
	at com.evermind.server.http.HttpRequestHandler.serveOneRequest(HttpRequestHandler.java:221)
	at com.evermind.server.http.HttpRequestHandler.run(HttpRequestHandler.java:122)
	at com.evermind.server.http.HttpRequestHandler.run(HttpRequestHandler.java:111)
	at oracle.oc4j.network.ServerSocketReadHandler$SafeRunnable.run(ServerSocketReadHandler.java:260)
	at oracle.oc4j.network.ServerSocketAcceptHandler.procClientSocket(ServerSocketAcceptHandler.java:239)
	at oracle.oc4j.network.ServerSocketAcceptHandler.access$700(ServerSocketAcceptHandler.java:34)
	at oracle.oc4j.network.ServerSocketAcceptHandler$AcceptHandlerHorse.run(ServerSocketAcceptHandler.java:880)
	at com.evermind.util.ReleasableResourcePooledExecutor$MyWorker.run(ReleasableResourcePooledExecutor.java:303)
	at java.lang.Thread.run(Thread.java:595)

09/06/05 14:52:56.842 prjWeb: Se ha forzado la interrupción de una conexión existente por el host remoto
09/06/05 14:52:56.842 prjWeb: Se ha forzado la interrupción de una conexión existente por el host remoto
09/06/05 14:52:56.842 prjWeb: Se ha forzado la interrupción de una conexión existente por el host remoto
09/06/05 14:53:00.90 prjWeb: Se ha forzado la interrupción de una conexión existente por el host remoto
09/06/05 14:53:00.91 prjWeb: Se ha forzado la interrupción de una conexión existente por el host remoto
09/06/05 14:53:00.91 prjWeb: Se ha forzado la interrupción de una conexión existente por el host remoto
09/06/05 14:53:01.373 prjWeb: Se ha forzado la interrupción de una conexión existente por el host remoto
09/06/05 14:53:01.374 prjWeb: Se ha forzado la interrupción de una conexión existente por el host remoto
09/06/05 14:53:01.374 prjWeb: Se ha forzado la interrupción de una conexión existente por el host remoto
09/06/05 14:54:17.450 prjWeb: Se ha forzado la interrupción de una conexión existente por el host remoto
09/06/05 14:54:17.450 prjWeb: Se ha forzado la interrupción de una conexión existente por el host remoto
09/06/05 14:54:17.450 prjWeb: Se ha forzado la interrupción de una conexión existente por el host remoto
09/06/05 14:56:06.255 prjWeb: JspServlet: No se ha podido distribuir a la página solicitada: oracle.jsp.parse.JspParseException: /pages/proyecto/proyecto1.jsp: Número de Línea 6, <jsp:useBean id="date" class="java.util.Date"/> 
Error: La etiqueta ha intentado definir un bean que ya existe: date
	at oracle.jsp.parse.OpenJspTagHandler.defineBeans(OpenJspTagHandler.java:604)
	at oracle.jsp.parse.OpenJspTagHandler.defineBeans(OpenJspTagHandler.java:574)
	at oracle.jsp.parse.OpenJspTagHandler.validateTagAttributes(OpenJspTagHandler.java:421)
	at oracle.jsp.parse.JspParseTag.parse(JspParseTag.java:1477)
	at oracle.jsp.parse.OpenJspTagHandler.parse(OpenJspTagHandler.java:816)
	at oracle.jsp.parse.JspParseTag.parseNextTag(JspParseTag.java:1019)
	at oracle.jsp.parse.JspParseTagFile.parse(JspParseTagFile.java:250)
	at oracle.jsp.parse.JspParseTagDirective.parseJSP(JspParseTagDirective.java:717)
	at oracle.jsp.parse.JspParseTagDirective.parse(JspParseTagDirective.java:504)
	at oracle.jsp.parse.JspParseTag.parseNextTag(JspParseTag.java:1019)
	at oracle.jsp.parse.JspParseTagFile.parse(JspParseTagFile.java:250)
	at oracle.jsp.parse.OracleJsp2Java.transform(OracleJsp2Java.java:479)
	at oracle.jsp.runtimev2.JspPageCompiler.attemptCompilePage(JspPageCompiler.java:670)
	at oracle.jsp.runtimev2.JspPageCompiler.compileBothModes(JspPageCompiler.java:456)
	at oracle.jsp.runtimev2.JspPageCompiler.compilePage(JspPageCompiler.java:413)
	at oracle.jsp.runtimev2.JspPageInfo.compileAndLoad(JspPageInfo.java:705)
	at oracle.jsp.runtimev2.JspPageTable.compileAndServe(JspPageTable.java:694)
	at oracle.jsp.runtimev2.JspPageTable.service(JspPageTable.java:414)
	at oracle.jsp.runtimev2.JspServlet.internalService(JspServlet.java:594)
	at oracle.jsp.runtimev2.JspServlet.service(JspServlet.java:518)
	at javax.servlet.http.HttpServlet.service(HttpServlet.java:856)
	at com.evermind.server.http.ServletRequestDispatcher.invoke(ServletRequestDispatcher.java:713)
	at com.evermind.server.http.ServletRequestDispatcher.forwardInternal(ServletRequestDispatcher.java:370)
	at com.evermind.server.http.ServletRequestDispatcher.unprivileged_forward(ServletRequestDispatcher.java:259)
	at com.evermind.server.http.ServletRequestDispatcher.access$100(ServletRequestDispatcher.java:51)
	at com.evermind.server.http.ServletRequestDispatcher$2.oc4jRun(ServletRequestDispatcher.java:193)
	at oracle.oc4j.security.OC4JSecurity.doPrivileged(OC4JSecurity.java:283)
	at com.evermind.server.http.ServletRequestDispatcher.forward(ServletRequestDispatcher.java:198)
	at org.apache.struts2.dispatcher.ServletDispatcherResult.doExecute(ServletDispatcherResult.java:154)
	at org.apache.struts2.dispatcher.StrutsResultSupport.execute(StrutsResultSupport.java:186)
	at com.opensymphony.xwork2.DefaultActionInvocation.executeResult(DefaultActionInvocation.java:361)
	at com.opensymphony.xwork2.DefaultActionInvocation.invoke(DefaultActionInvocation.java:265)
	at com.opensymphony.xwork2.interceptor.ParametersInterceptor.doIntercept(ParametersInterceptor.java:195)
	at com.opensymphony.xwork2.interceptor.MethodFilterInterceptor.intercept(MethodFilterInterceptor.java:87)
	at com.opensymphony.xwork2.DefaultActionInvocation.invoke(DefaultActionInvocation.java:236)
	at com.opensymphony.xwork2.interceptor.PrepareInterceptor.doIntercept(PrepareInterceptor.java:138)
	at com.opensymphony.xwork2.interceptor.MethodFilterInterceptor.intercept(MethodFilterInterceptor.java:87)
	at com.opensymphony.xwork2.DefaultActionInvocation.invoke(DefaultActionInvocation.java:236)
	at org.apache.struts2.impl.StrutsActionProxy.execute(StrutsActionProxy.java:52)
	at org.apache.struts2.dispatcher.Dispatcher.serviceAction(Dispatcher.java:468)
	at org.apache.struts2.dispatcher.ng.ExecuteOperations.executeAction(ExecuteOperations.java:77)
	at org.apache.struts2.dispatcher.ng.filter.StrutsPrepareAndExecuteFilter.doFilter(StrutsPrepareAndExecuteFilter.java:76)
	at com.evermind.server.http.ServletRequestDispatcher.invoke(ServletRequestDispatcher.java:623)
	at com.evermind.server.http.ServletRequestDispatcher.forwardInternal(ServletRequestDispatcher.java:370)
	at com.evermind.server.http.HttpRequestHandler.handleNotFound(HttpRequestHandler.java:1041)
	at com.evermind.server.http.HttpRequestHandler.doProcessRequest(HttpRequestHandler.java:911)
	at com.evermind.server.http.HttpRequestHandler.processRequest(HttpRequestHandler.java:453)
	at com.evermind.server.http.HttpRequestHandler.serveOneRequest(HttpRequestHandler.java:221)
	at com.evermind.server.http.HttpRequestHandler.run(HttpRequestHandler.java:122)
	at com.evermind.server.http.HttpRequestHandler.run(HttpRequestHandler.java:111)
	at oracle.oc4j.network.ServerSocketReadHandler$SafeRunnable.run(ServerSocketReadHandler.java:260)
	at oracle.oc4j.network.ServerSocketAcceptHandler.procClientSocket(ServerSocketAcceptHandler.java:239)
	at oracle.oc4j.network.ServerSocketAcceptHandler.access$700(ServerSocketAcceptHandler.java:34)
	at oracle.oc4j.network.ServerSocketAcceptHandler$AcceptHandlerHorse.run(ServerSocketAcceptHandler.java:880)
	at com.evermind.util.ReleasableResourcePooledExecutor$MyWorker.run(ReleasableResourcePooledExecutor.java:303)
	at java.lang.Thread.run(Thread.java:595)

09/06/05 14:57:01.559 prjWeb: Se ha forzado la interrupción de una conexión existente por el host remoto
09/06/05 14:57:01.559 prjWeb: Se ha forzado la interrupción de una conexión existente por el host remoto
09/06/05 14:57:01.559 prjWeb: Se ha forzado la interrupción de una conexión existente por el host remoto
09/06/05 15:00:07.149 prjWeb: Se ha forzado la interrupción de una conexión existente por el host remoto
09/06/05 15:00:07.149 prjWeb: Se ha forzado la interrupción de una conexión existente por el host remoto
09/06/05 15:00:07.149 prjWeb: Se ha forzado la interrupción de una conexión existente por el host remoto
09/06/05 15:09:32.870 prjWeb: Se ha forzado la interrupción de una conexión existente por el host remoto
09/06/05 15:09:32.871 prjWeb: Se ha forzado la interrupción de una conexión existente por el host remoto
09/06/05 15:09:32.871 prjWeb: Se ha forzado la interrupción de una conexión existente por el host remoto
09/06/05 15:12:24.412 prjWeb: Se ha forzado la interrupción de una conexión existente por el host remoto
09/06/05 15:12:24.413 prjWeb: Se ha forzado la interrupción de una conexión existente por el host remoto
09/06/05 15:12:24.413 prjWeb: Se ha forzado la interrupción de una conexión existente por el host remoto
09/06/05 15:12:41.319 prjWeb: Se ha forzado la interrupción de una conexión existente por el host remoto
09/06/05 15:12:41.319 prjWeb: Se ha forzado la interrupción de una conexión existente por el host remoto
09/06/05 15:12:41.319 prjWeb: Se ha forzado la interrupción de una conexión existente por el host remoto
09/06/05 15:14:59.804 prjWeb: Se ha forzado la interrupción de una conexión existente por el host remoto
09/06/05 15:14:59.805 prjWeb: Se ha forzado la interrupción de una conexión existente por el host remoto
09/06/05 15:14:59.805 prjWeb: Se ha forzado la interrupción de una conexión existente por el host remoto
09/06/05 15:16:53.184 prjWeb: Se ha forzado la interrupción de una conexión existente por el host remoto
09/06/05 15:16:53.184 prjWeb: Se ha forzado la interrupción de una conexión existente por el host remoto
09/06/05 15:16:53.184 prjWeb: Se ha forzado la interrupción de una conexión existente por el host remoto
09/06/05 15:17:00.54 prjWeb: Se ha forzado la interrupción de una conexión existente por el host remoto
09/06/05 15:17:00.58 prjWeb: Se ha forzado la interrupción de una conexión existente por el host remoto
09/06/05 15:17:00.58 prjWeb: Se ha forzado la interrupción de una conexión existente por el host remoto
09/06/05 15:26:36.667 prjWeb: JspServlet: No se ha podido distribuir a la página solicitada: java.io.FileNotFoundException: C:\software\java\eclipsewin32\wsSCA\fuentes\appSCA\prjWeb\public_html\pages\menu.jsp (El sistema no puede encontrar el archivo especificado)
	at java.io.FileInputStream.open(Native Method)
	at java.io.FileInputStream.<init>(FileInputStream.java:106)
	at java.io.FileInputStream.<init>(FileInputStream.java:66)
	at oracle.jsp.provider.JspFilesystemResource.fromStream(JspFilesystemResource.java:151)
	at oracle.jsp.parse.XMLUtil.getFromStream(XMLUtil.java:236)
	at oracle.jsp.runtimev2.JspPageCompiler.compileBothModes(JspPageCompiler.java:449)
	at oracle.jsp.runtimev2.JspPageCompiler.compilePage(JspPageCompiler.java:413)
	at oracle.jsp.runtimev2.JspPageInfo.compileAndLoad(JspPageInfo.java:705)
	at oracle.jsp.runtimev2.JspPageTable.compileAndServe(JspPageTable.java:694)
	at oracle.jsp.runtimev2.JspPageTable.service(JspPageTable.java:414)
	at oracle.jsp.runtimev2.JspServlet.internalService(JspServlet.java:594)
	at oracle.jsp.runtimev2.JspServlet.service(JspServlet.java:518)
	at javax.servlet.http.HttpServlet.service(HttpServlet.java:856)
	at com.evermind.server.http.ResourceFilterChain.doFilter(ResourceFilterChain.java:65)
	at org.apache.struts2.dispatcher.ng.filter.StrutsPrepareAndExecuteFilter.doFilter(StrutsPrepareAndExecuteFilter.java:73)
	at com.evermind.server.http.ServletRequestDispatcher.invoke(ServletRequestDispatcher.java:623)
	at com.evermind.server.http.ServletRequestDispatcher.forwardInternal(ServletRequestDispatcher.java:370)
	at com.evermind.server.http.HttpRequestHandler.doProcessRequest(HttpRequestHandler.java:871)
	at com.evermind.server.http.HttpRequestHandler.processRequest(HttpRequestHandler.java:453)
	at com.evermind.server.http.HttpRequestHandler.serveOneRequest(HttpRequestHandler.java:221)
	at com.evermind.server.http.HttpRequestHandler.run(HttpRequestHandler.java:122)
	at com.evermind.server.http.HttpRequestHandler.run(HttpRequestHandler.java:111)
	at oracle.oc4j.network.ServerSocketReadHandler$SafeRunnable.run(ServerSocketReadHandler.java:260)
	at oracle.oc4j.network.ServerSocketAcceptHandler.procClientSocket(ServerSocketAcceptHandler.java:239)
	at oracle.oc4j.network.ServerSocketAcceptHandler.access$700(ServerSocketAcceptHandler.java:34)
	at oracle.oc4j.network.ServerSocketAcceptHandler$AcceptHandlerHorse.run(ServerSocketAcceptHandler.java:880)
	at com.evermind.util.ReleasableResourcePooledExecutor$MyWorker.run(ReleasableResourcePooledExecutor.java:303)
	at java.lang.Thread.run(Thread.java:595)

09/06/05 15:28:03.756 prjWeb: 10.1.3.3.0 Stopped
09/06/05 15:28:04.523 10.1.3.3.0 Started
09/06/05 15:28:08.518 prjWeb: 10.1.3.3.0 Started
09/06/05 20:04:57.295 10.1.3.3.0 Started
09/06/05 20:05:01.884 prjWeb: 10.1.3.3.0 Started
09/06/05 20:24:01.843 prjWeb: Se ha forzado la interrupción de una conexión existente por el host remoto
09/06/05 20:24:01.844 prjWeb: Se ha forzado la interrupción de una conexión existente por el host remoto
09/06/05 20:24:01.844 prjWeb: Se ha forzado la interrupción de una conexión existente por el host remoto
09/06/05 21:17:37.105 10.1.3.3.0 Started
09/06/05 21:17:42.286 prjWeb: 10.1.3.3.0 Started
09/06/05 21:17:45.229 prjWeb: Se ha forzado la interrupción de una conexión existente por el host remoto
09/06/05 21:17:45.229 prjWeb: Se ha forzado la interrupción de una conexión existente por el host remoto
09/06/05 21:17:45.235 prjWeb: Se ha forzado la interrupción de una conexión existente por el host remoto
09/06/05 21:24:28.144 10.1.3.3.0 Started
09/06/05 21:24:32.387 prjWeb: 10.1.3.3.0 Started
09/06/05 21:26:11.502 prjWeb: 10.1.3.3.0 Stopped
09/06/05 21:26:12.414 10.1.3.3.0 Started
09/06/05 21:26:16.5 prjWeb: 10.1.3.3.0 Started
09/06/05 21:27:45.292 10.1.3.3.0 Started
09/06/05 21:27:49.600 prjWeb: 10.1.3.3.0 Started
09/06/05 21:28:32.934 prjWeb: Se ha forzado la interrupción de una conexión existente por el host remoto
09/06/05 21:28:32.934 prjWeb: Se ha forzado la interrupción de una conexión existente por el host remoto
09/06/05 21:28:32.934 prjWeb: Se ha forzado la interrupción de una conexión existente por el host remoto
09/06/05 21:30:57.959 prjWeb: Se ha forzado la interrupción de una conexión existente por el host remoto
09/06/05 21:30:57.960 prjWeb: Se ha forzado la interrupción de una conexión existente por el host remoto
09/06/05 21:30:57.960 prjWeb: Se ha forzado la interrupción de una conexión existente por el host remoto
09/06/05 21:57:13.797 prjWeb: 10.1.3.3.0 Stopped
09/06/05 21:57:14.725 10.1.3.3.0 Started
09/06/05 21:57:18.706 prjWeb: 10.1.3.3.0 Started
09/06/05 21:57:44.609 prjWeb: Se ha forzado la interrupción de una conexión existente por el host remoto
09/06/05 21:57:44.609 prjWeb: Se ha forzado la interrupción de una conexión existente por el host remoto
09/06/05 21:57:44.609 prjWeb: Se ha forzado la interrupción de una conexión existente por el host remoto
09/06/05 21:57:58.270 prjWeb: Se ha forzado la interrupción de una conexión existente por el host remoto
09/06/05 21:57:58.270 prjWeb: Se ha forzado la interrupción de una conexión existente por el host remoto
09/06/05 21:57:58.270 prjWeb: Se ha forzado la interrupción de una conexión existente por el host remoto
09/06/05 22:02:03.616 prjWeb: Se ha forzado la interrupción de una conexión existente por el host remoto
09/06/05 22:02:03.616 prjWeb: Se ha forzado la interrupción de una conexión existente por el host remoto
09/06/05 22:02:03.616 prjWeb: Se ha forzado la interrupción de una conexión existente por el host remoto
09/06/05 22:06:27.487 prjWeb: Se ha forzado la interrupción de una conexión existente por el host remoto
09/06/05 22:06:27.488 prjWeb: Se ha forzado la interrupción de una conexión existente por el host remoto
09/06/05 22:06:27.488 prjWeb: Se ha forzado la interrupción de una conexión existente por el host remoto
09/06/05 22:17:24.191 10.1.3.3.0 Started
09/06/05 22:17:28.569 prjWeb: 10.1.3.3.0 Started
09/06/05 22:17:54.556 prjWeb: Se ha forzado la interrupción de una conexión existente por el host remoto
09/06/05 22:17:54.556 prjWeb: Se ha forzado la interrupción de una conexión existente por el host remoto
09/06/05 22:17:54.556 prjWeb: Se ha forzado la interrupción de una conexión existente por el host remoto
09/06/05 22:24:40.25 10.1.3.3.0 Started
09/06/05 22:24:44.422 prjWeb: 10.1.3.3.0 Started
09/06/05 22:26:47.657 prjWeb: Se ha forzado la interrupción de una conexión existente por el host remoto
09/06/05 22:26:54.685 prjWeb: Se ha forzado la interrupción de una conexión existente por el host remoto
09/06/05 22:26:54.686 prjWeb: Se ha forzado la interrupción de una conexión existente por el host remoto
09/06/05 22:26:54.686 prjWeb: Se ha forzado la interrupción de una conexión existente por el host remoto
09/06/05 22:27:22.508 prjWeb: Se ha forzado la interrupción de una conexión existente por el host remoto
09/06/05 22:27:22.508 prjWeb: Se ha forzado la interrupción de una conexión existente por el host remoto
09/06/05 22:27:22.508 prjWeb: Se ha forzado la interrupción de una conexión existente por el host remoto
09/06/05 22:27:43.331 prjWeb: Se ha forzado la interrupción de una conexión existente por el host remoto
09/06/05 22:27:43.331 prjWeb: Se ha forzado la interrupción de una conexión existente por el host remoto
09/06/05 22:27:43.331 prjWeb: Se ha forzado la interrupción de una conexión existente por el host remoto
09/06/05 22:29:36.355 10.1.3.3.0 Started
09/06/05 22:29:40.651 prjWeb: 10.1.3.3.0 Started
09/06/05 22:30:00.785 prjWeb: Se ha forzado la interrupción de una conexión existente por el host remoto
09/06/05 22:30:00.787 prjWeb: Se ha forzado la interrupción de una conexión existente por el host remoto
09/06/05 22:30:00.787 prjWeb: Se ha forzado la interrupción de una conexión existente por el host remoto
09/06/05 22:36:21.220 prjWeb: Se ha forzado la interrupción de una conexión existente por el host remoto
09/06/05 22:36:21.221 prjWeb: Se ha forzado la interrupción de una conexión existente por el host remoto
09/06/05 22:36:21.221 prjWeb: Se ha forzado la interrupción de una conexión existente por el host remoto
09/06/05 22:42:42.304 prjWeb: Se ha forzado la interrupción de una conexión existente por el host remoto
09/06/05 22:42:42.305 prjWeb: Se ha forzado la interrupción de una conexión existente por el host remoto
09/06/05 22:42:42.305 prjWeb: Se ha forzado la interrupción de una conexión existente por el host remoto
09/06/05 22:47:40.619 10.1.3.3.0 Started
09/06/05 22:47:45.225 prjWeb: 10.1.3.3.0 Started
09/06/05 22:47:45.527 prjWeb: Servlet error
Unable to load configuration. - file:/C:/software/java/eclipsewin32/wsSCA/fuentes/appSCA/prjWeb/classes/struts.xml:79:37
	at com.opensymphony.xwork2.config.ConfigurationManager.getConfiguration(ConfigurationManager.java:58)
	at org.apache.struts2.dispatcher.Dispatcher.init_PreloadConfiguration(Dispatcher.java:360)
	at org.apache.struts2.dispatcher.Dispatcher.init(Dispatcher.java:403)
	at org.apache.struts2.dispatcher.ng.InitOperations.initDispatcher(InitOperations.java:69)
	at org.apache.struts2.dispatcher.ng.filter.StrutsPrepareAndExecuteFilter.init(StrutsPrepareAndExecuteFilter.java:48)
	at com.evermind[Oracle Containers for J2EE 10g (10.1.3.3.0) ].server.http.HttpApplication.getFilterConfig(HttpApplication.java:7585)
	at com.evermind[Oracle Containers for J2EE 10g (10.1.3.3.0) ].server.http.ServletRequestDispatcher.invoke(ServletRequestDispatcher.java:515)
	at com.evermind[Oracle Containers for J2EE 10g (10.1.3.3.0) ].server.http.ServletRequestDispatcher.forwardInternal(ServletRequestDispatcher.java:370)
	at com.evermind[Oracle Containers for J2EE 10g (10.1.3.3.0) ].server.http.HttpRequestHandler.doProcessRequest(HttpRequestHandler.java:871)
	at com.evermind[Oracle Containers for J2EE 10g (10.1.3.3.0) ].server.http.HttpRequestHandler.processRequest(HttpRequestHandler.java:453)
	at com.evermind[Oracle Containers for J2EE 10g (10.1.3.3.0) ].server.http.HttpRequestHandler.serveOneRequest(HttpRequestHandler.java:221)
	at com.evermind[Oracle Containers for J2EE 10g (10.1.3.3.0) ].server.http.HttpRequestHandler.run(HttpRequestHandler.java:122)
	at com.evermind[Oracle Containers for J2EE 10g (10.1.3.3.0) ].server.http.HttpRequestHandler.run(HttpRequestHandler.java:111)
	at oracle.oc4j.network.ServerSocketReadHandler$SafeRunnable.run(ServerSocketReadHandler.java:260)
	at oracle.oc4j.network.ServerSocketAcceptHandler.procClientSocket(ServerSocketAcceptHandler.java:239)
	at oracle.oc4j.network.ServerSocketAcceptHandler.access$700(ServerSocketAcceptHandler.java:34)
	at oracle.oc4j.network.ServerSocketAcceptHandler$AcceptHandlerHorse.run(ServerSocketAcceptHandler.java:880)
	at com.evermind[Oracle Containers for J2EE 10g (10.1.3.3.0) ].util.ReleasableResourcePooledExecutor$MyWorker.run(ReleasableResourcePooledExecutor.java:298)
	at java.lang.Thread.run(Thread.java:595)
Caused by: Unable to load file:/C:/software/java/eclipsewin32/wsSCA/fuentes/appSCA/prjWeb/classes/struts.xml - file:/C:/software/java/eclipsewin32/wsSCA/fuentes/appSCA/prjWeb/classes/struts.xml:79:37
	at com.opensymphony.xwork2.config.providers.XmlConfigurationProvider.loadConfigurationFiles(XmlConfigurationProvider.java:890)
	at com.opensymphony.xwork2.config.providers.XmlConfigurationProvider.loadDocuments(XmlConfigurationProvider.java:144)
	at com.opensymphony.xwork2.config.providers.XmlConfigurationProvider.init(XmlConfigurationProvider.java:111)
	at com.opensymphony.xwork2.config.impl.DefaultConfiguration.reloadContainer(DefaultConfiguration.java:164)
	at com.opensymphony.xwork2.config.ConfigurationManager.getConfiguration(ConfigurationManager.java:55)
	... 18 more
Caused by: file:/C:/software/java/eclipsewin32/wsSCA/fuentes/appSCA/prjWeb/classes/struts.xml<Line 79, Column 37>: XML-20148: (Error) Elemento no válido 'default-interceptor-ref' en el contenido de 'package', elementos esperados '[action]'. - file:/C:/software/java/eclipsewin32/wsSCA/fuentes/appSCA/prjWeb/classes/struts.xml:79:37
	at com.opensymphony.xwork2.util.DomHelper.parse(DomHelper.java:115)
	at com.opensymphony.xwork2.config.providers.XmlConfigurationProvider.loadConfigurationFiles(XmlConfigurationProvider.java:885)
	... 22 more
Caused by: org.xml.sax.SAXParseException: file:/C:/software/java/eclipsewin32/wsSCA/fuentes/appSCA/prjWeb/classes/struts.xml<Line 79, Column 37>: XML-20148: (Error) Elemento no válido 'default-interceptor-ref' en el contenido de 'package', elementos esperados '[action]'.
	at oracle.xml.parser.v2.XMLError.flushErrorHandler(XMLError.java:415)
	at oracle.xml.parser.v2.XMLError.flushErrors1(XMLError.java:284)
	at oracle.xml.parser.v2.NonValidatingParser.parseDocument(NonValidatingParser.java:312)
	at oracle.xml.parser.v2.XMLParser.parse(XMLParser.java:206)
	at oracle.xml.jaxp.JXSAXParser.parse(JXSAXParser.java:292)
	at com.opensymphony.xwork2.util.DomHelper.parse(DomHelper.java:113)
	... 23 more
09/06/05 22:48:42.14 10.1.3.3.0 Started
09/06/05 22:48:46.312 prjWeb: 10.1.3.3.0 Started
09/06/05 22:49:08.366 prjWeb: Se ha forzado la interrupción de una conexión existente por el host remoto
09/06/05 22:49:08.367 prjWeb: Se ha forzado la interrupción de una conexión existente por el host remoto
09/06/05 22:49:08.368 prjWeb: Se ha forzado la interrupción de una conexión existente por el host remoto
09/06/05 22:54:46.757 10.1.3.3.0 Started
09/06/05 22:54:53.598 prjWeb: 10.1.3.3.0 Started
09/06/05 23:02:20.914 prjWeb: Se ha forzado la interrupción de una conexión existente por el host remoto
09/06/05 23:02:20.916 prjWeb: Se ha forzado la interrupción de una conexión existente por el host remoto
09/06/05 23:02:20.916 prjWeb: Se ha forzado la interrupción de una conexión existente por el host remoto
09/06/05 23:08:57.439 prjWeb: Se ha forzado la interrupción de una conexión existente por el host remoto
09/06/05 23:08:57.440 prjWeb: Se ha forzado la interrupción de una conexión existente por el host remoto
09/06/05 23:08:57.440 prjWeb: Se ha forzado la interrupción de una conexión existente por el host remoto
09/06/05 23:09:43.976 prjWeb: Se ha anulado una conexión establecida por el software en su equipo host.
09/06/05 23:11:52.693 10.1.3.3.0 Started
09/06/05 23:11:57.201 prjWeb: 10.1.3.3.0 Started
09/06/05 23:15:44.968 10.1.3.3.0 Started
09/06/05 23:15:49.318 prjWeb: 10.1.3.3.0 Started
09/06/05 23:17:24.265 prjWeb: Se ha forzado la interrupción de una conexión existente por el host remoto
09/06/05 23:17:24.266 prjWeb: Se ha forzado la interrupción de una conexión existente por el host remoto
09/06/05 23:17:24.266 prjWeb: Se ha forzado la interrupción de una conexión existente por el host remoto
09/06/05 23:17:25.757 prjWeb: Se ha forzado la interrupción de una conexión existente por el host remoto
09/06/05 23:17:25.758 prjWeb: Se ha forzado la interrupción de una conexión existente por el host remoto
09/06/05 23:17:25.758 prjWeb: Se ha forzado la interrupción de una conexión existente por el host remoto
09/06/05 23:18:32.770 prjWeb: Se ha forzado la interrupción de una conexión existente por el host remoto
09/06/05 23:18:32.771 prjWeb: Se ha forzado la interrupción de una conexión existente por el host remoto
09/06/05 23:18:32.771 prjWeb: Se ha forzado la interrupción de una conexión existente por el host remoto
09/06/05 23:20:32.167 10.1.3.3.0 Started
09/06/05 23:21:03.0 prjWeb: 10.1.3.3.0 Started
09/06/05 23:21:40.76 prjWeb: Se ha forzado la interrupción de una conexión existente por el host remoto
09/06/05 23:21:40.78 prjWeb: Se ha forzado la interrupción de una conexión existente por el host remoto
09/06/05 23:21:40.78 prjWeb: Se ha forzado la interrupción de una conexión existente por el host remoto
09/06/05 23:22:42.966 10.1.3.3.0 Started
09/06/05 23:22:47.668 prjWeb: 10.1.3.3.0 Started
09/06/05 23:23:14.406 prjWeb: Se ha forzado la interrupción de una conexión existente por el host remoto
09/06/05 23:23:14.407 prjWeb: Se ha forzado la interrupción de una conexión existente por el host remoto
09/06/05 23:23:14.407 prjWeb: Se ha forzado la interrupción de una conexión existente por el host remoto
09/06/05 23:25:58.599 prjWeb: Se ha forzado la interrupción de una conexión existente por el host remoto
09/06/05 23:25:58.599 prjWeb: Se ha forzado la interrupción de una conexión existente por el host remoto
09/06/05 23:25:58.601 prjWeb: Se ha forzado la interrupción de una conexión existente por el host remoto
09/06/05 23:26:48.435 10.1.3.3.0 Started
09/06/05 23:26:52.711 prjWeb: 10.1.3.3.0 Started
09/06/05 23:27:16.590 10.1.3.3.0 Started
09/06/05 23:27:21.27 prjWeb: 10.1.3.3.0 Started
09/06/05 23:27:42.130 prjWeb: Se ha forzado la interrupción de una conexión existente por el host remoto
09/06/05 23:27:42.131 prjWeb: Se ha forzado la interrupción de una conexión existente por el host remoto
09/06/05 23:27:42.131 prjWeb: Se ha forzado la interrupción de una conexión existente por el host remoto
09/06/05 23:27:55.6 prjWeb: Se ha forzado la interrupción de una conexión existente por el host remoto
09/06/05 23:27:55.7 prjWeb: Se ha forzado la interrupción de una conexión existente por el host remoto
09/06/05 23:27:55.11 prjWeb: Se ha forzado la interrupción de una conexión existente por el host remoto
09/06/05 23:30:35.216 prjWeb: Se ha forzado la interrupción de una conexión existente por el host remoto
09/06/05 23:30:35.218 prjWeb: Se ha forzado la interrupción de una conexión existente por el host remoto
09/06/05 23:30:35.218 prjWeb: Se ha forzado la interrupción de una conexión existente por el host remoto
09/06/05 23:32:02.93 prjWeb: Se ha forzado la interrupción de una conexión existente por el host remoto
09/06/05 23:32:02.93 prjWeb: Se ha forzado la interrupción de una conexión existente por el host remoto
09/06/05 23:32:02.94 prjWeb: Se ha forzado la interrupción de una conexión existente por el host remoto
09/06/05 23:33:40.459 prjWeb: Se ha forzado la interrupción de una conexión existente por el host remoto
09/06/05 23:33:40.460 prjWeb: Se ha forzado la interrupción de una conexión existente por el host remoto
09/06/05 23:33:40.460 prjWeb: Se ha forzado la interrupción de una conexión existente por el host remoto
09/06/05 23:35:04.35 prjWeb: Se ha forzado la interrupción de una conexión existente por el host remoto
09/06/05 23:35:04.36 prjWeb: Se ha forzado la interrupción de una conexión existente por el host remoto
09/06/05 23:35:04.36 prjWeb: Se ha forzado la interrupción de una conexión existente por el host remoto
09/06/05 23:35:16.967 prjWeb: Se ha forzado la interrupción de una conexión existente por el host remoto
09/06/05 23:35:16.967 prjWeb: Se ha forzado la interrupción de una conexión existente por el host remoto
09/06/05 23:35:16.967 prjWeb: Se ha forzado la interrupción de una conexión existente por el host remoto
09/06/05 23:36:47.286 prjWeb: Se ha forzado la interrupción de una conexión existente por el host remoto
09/06/05 23:36:47.286 prjWeb: Se ha forzado la interrupción de una conexión existente por el host remoto
09/06/05 23:36:47.286 prjWeb: Se ha forzado la interrupción de una conexión existente por el host remoto
09/06/05 23:40:49.698 prjWeb: Se ha forzado la interrupción de una conexión existente por el host remoto
09/06/05 23:40:49.699 prjWeb: Se ha forzado la interrupción de una conexión existente por el host remoto
09/06/05 23:40:49.699 prjWeb: Se ha forzado la interrupción de una conexión existente por el host remoto
09/06/06 00:29:31.699 10.1.3.3.0 Started
09/06/06 00:29:36.45 prjWeb: 10.1.3.3.0 Started
09/06/06 00:30:47.119 prjWeb: Se ha forzado la interrupción de una conexión existente por el host remoto
09/06/06 00:30:47.120 prjWeb: Se ha forzado la interrupción de una conexión existente por el host remoto
09/06/06 00:30:47.120 prjWeb: Se ha forzado la interrupción de una conexión existente por el host remoto
09/06/06 00:51:18.440 10.1.3.3.0 Started
09/06/06 00:51:22.781 prjWeb: 10.1.3.3.0 Started
09/06/06 00:57:18.457 prjWeb: Se ha forzado la interrupción de una conexión existente por el host remoto
09/06/06 00:57:18.464 prjWeb: Se ha forzado la interrupción de una conexión existente por el host remoto
09/06/06 00:57:18.464 prjWeb: Se ha forzado la interrupción de una conexión existente por el host remoto
09/06/06 01:17:26.968 prjWeb: 10.1.3.3.0 Stopped
09/06/06 01:17:28.28 10.1.3.3.0 Started
09/06/06 01:17:31.917 prjWeb: 10.1.3.3.0 Started
09/06/06 01:18:04.919 prjWeb: Se ha forzado la interrupción de una conexión existente por el host remoto
09/06/06 01:18:04.920 prjWeb: Se ha forzado la interrupción de una conexión existente por el host remoto
09/06/06 01:18:04.920 prjWeb: Se ha forzado la interrupción de una conexión existente por el host remoto
09/06/06 01:18:16.630 prjWeb: Se ha forzado la interrupción de una conexión existente por el host remoto
09/06/06 01:18:16.630 prjWeb: Se ha forzado la interrupción de una conexión existente por el host remoto
09/06/06 01:18:16.631 prjWeb: Se ha forzado la interrupción de una conexión existente por el host remoto
09/06/06 01:18:59.161 prjWeb: Se ha forzado la interrupción de una conexión existente por el host remoto
09/06/06 01:18:59.162 prjWeb: Se ha forzado la interrupción de una conexión existente por el host remoto
09/06/06 01:18:59.162 prjWeb: Se ha forzado la interrupción de una conexión existente por el host remoto
09/06/06 01:19:04.388 prjWeb: Se ha forzado la interrupción de una conexión existente por el host remoto
09/06/06 01:19:04.389 prjWeb: Se ha forzado la interrupción de una conexión existente por el host remoto
09/06/06 01:19:04.389 prjWeb: Se ha forzado la interrupción de una conexión existente por el host remoto
09/06/06 01:19:10.481 prjWeb: Se ha forzado la interrupción de una conexión existente por el host remoto
09/06/06 01:19:10.486 prjWeb: Se ha forzado la interrupción de una conexión existente por el host remoto
09/06/06 01:19:10.486 prjWeb: Se ha forzado la interrupción de una conexión existente por el host remoto
09/06/06 01:19:21.295 prjWeb: Se ha forzado la interrupción de una conexión existente por el host remoto
09/06/06 01:19:21.295 prjWeb: Se ha forzado la interrupción de una conexión existente por el host remoto
09/06/06 01:19:21.295 prjWeb: Se ha forzado la interrupción de una conexión existente por el host remoto
09/06/06 01:19:25.234 prjWeb: Se ha forzado la interrupción de una conexión existente por el host remoto
09/06/06 01:19:25.234 prjWeb: Se ha forzado la interrupción de una conexión existente por el host remoto
09/06/06 01:19:25.234 prjWeb: Se ha forzado la interrupción de una conexión existente por el host remoto
09/06/06 01:19:29.784 prjWeb: Se ha forzado la interrupción de una conexión existente por el host remoto
09/06/06 01:19:29.784 prjWeb: Se ha forzado la interrupción de una conexión existente por el host remoto
09/06/06 01:19:29.784 prjWeb: Se ha forzado la interrupción de una conexión existente por el host remoto
09/06/06 01:19:36.276 prjWeb: Se ha forzado la interrupción de una conexión existente por el host remoto
09/06/06 01:19:36.276 prjWeb: Se ha forzado la interrupción de una conexión existente por el host remoto
09/06/06 01:19:36.276 prjWeb: Se ha forzado la interrupción de una conexión existente por el host remoto
09/06/06 01:29:33.127 10.1.3.3.0 Started
09/06/06 01:29:37.272 prjWeb: 10.1.3.3.0 Started
09/06/06 01:46:34.350 10.1.3.3.0 Started
09/06/06 01:46:38.623 prjWeb: 10.1.3.3.0 Started
09/06/06 01:54:42.540 10.1.3.3.0 Started
09/06/06 01:54:46.913 prjWeb: 10.1.3.3.0 Started
09/06/06 02:01:35.878 prjWeb: 10.1.3.3.0 Stopped
09/06/06 02:01:36.821 10.1.3.3.0 Started
09/06/06 02:01:40.590 prjWeb: 10.1.3.3.0 Started
09/06/06 02:01:42.717 prjWeb: Se ha forzado la interrupción de una conexión existente por el host remoto
09/06/06 02:01:42.717 prjWeb: Se ha forzado la interrupción de una conexión existente por el host remoto
09/06/06 02:07:54.966 prjWeb: Se ha forzado la interrupción de una conexión existente por el host remoto
09/06/06 02:07:54.967 prjWeb: Se ha forzado la interrupción de una conexión existente por el host remoto
09/06/06 02:07:54.967 prjWeb: Se ha forzado la interrupción de una conexión existente por el host remoto
09/06/06 02:09:09.327 prjWeb: Se ha forzado la interrupción de una conexión existente por el host remoto
09/06/06 02:09:09.328 prjWeb: Se ha forzado la interrupción de una conexión existente por el host remoto
09/06/06 02:09:09.328 prjWeb: Se ha forzado la interrupción de una conexión existente por el host remoto
09/06/06 02:15:16.834 10.1.3.3.0 Started
09/06/06 02:15:23.259 prjWeb: 10.1.3.3.0 Started
09/06/06 02:30:25.357 10.1.3.3.0 Started
09/06/06 02:30:29.705 prjWeb: 10.1.3.3.0 Started
09/06/06 02:30:37.968 prjWeb: Se ha forzado la interrupción de una conexión existente por el host remoto
09/06/06 02:30:45.175 prjWeb: Se ha forzado la interrupción de una conexión existente por el host remoto
09/06/06 02:30:45.177 prjWeb: Se ha forzado la interrupción de una conexión existente por el host remoto
09/06/06 02:30:45.177 prjWeb: Se ha forzado la interrupción de una conexión existente por el host remoto
09/06/06 02:33:04.414 10.1.3.3.0 Started
09/06/06 02:33:08.731 prjWeb: 10.1.3.3.0 Started
09/06/06 02:38:56.575 10.1.3.3.0 Started
09/06/06 02:39:00.709 prjWeb: 10.1.3.3.0 Started
09/06/06 02:39:22.812 prjWeb: Se ha forzado la interrupción de una conexión existente por el host remoto
09/06/06 02:39:22.813 prjWeb: Se ha forzado la interrupción de una conexión existente por el host remoto
09/06/06 02:39:22.814 prjWeb: Se ha forzado la interrupción de una conexión existente por el host remoto
09/06/06 03:11:48.77 10.1.3.3.0 Started
09/06/06 03:11:52.690 prjWeb: 10.1.3.3.0 Started
09/06/06 03:12:04.17 prjWeb: Se ha forzado la interrupción de una conexión existente por el host remoto
09/06/06 03:12:04.19 prjWeb: Se ha forzado la interrupción de una conexión existente por el host remoto
09/06/06 03:12:04.19 prjWeb: Se ha forzado la interrupción de una conexión existente por el host remoto
09/06/06 03:13:17.403 10.1.3.3.0 Started
09/06/06 03:13:21.699 prjWeb: 10.1.3.3.0 Started
09/06/06 03:17:56.719 10.1.3.3.0 Started
09/06/06 03:18:01.22 prjWeb: 10.1.3.3.0 Started
09/06/06 03:23:20.514 10.1.3.3.0 Started
09/06/06 03:23:24.650 prjWeb: 10.1.3.3.0 Started
09/06/06 03:23:27.102 prjWeb: Se ha forzado la interrupción de una conexión existente por el host remoto
09/06/06 03:23:27.102 prjWeb: Se ha forzado la interrupción de una conexión existente por el host remoto
09/06/06 03:23:27.103 prjWeb: Se ha forzado la interrupción de una conexión existente por el host remoto
09/06/06 03:43:33.768 prjWeb: 10.1.3.3.0 Stopped
09/06/06 03:43:34.868 10.1.3.3.0 Started
09/06/06 03:43:38.525 prjWeb: 10.1.3.3.0 Started
09/06/06 03:47:43.543 10.1.3.3.0 Started
09/06/06 03:47:47.675 prjWeb: 10.1.3.3.0 Started
09/06/06 03:50:34.549 10.1.3.3.0 Started
09/06/06 03:50:38.981 prjWeb: 10.1.3.3.0 Started
09/06/06 03:54:06.624 10.1.3.3.0 Started
09/06/06 03:54:10.958 prjWeb: 10.1.3.3.0 Started
09/06/06 04:00:10.306 10.1.3.3.0 Started
09/06/06 04:00:14.421 prjWeb: 10.1.3.3.0 Started
09/06/06 04:02:14.218 10.1.3.3.0 Started
09/06/06 04:02:18.683 prjWeb: 10.1.3.3.0 Started
09/06/06 04:04:16.414 10.1.3.3.0 Started
09/06/06 04:04:21.185 prjWeb: 10.1.3.3.0 Started
09/06/06 04:23:35.774 10.1.3.3.0 Started
09/06/06 04:23:41.574 prjWeb: 10.1.3.3.0 Started
09/06/06 04:23:44.314 prjWeb: Se ha forzado la interrupción de una conexión existente por el host remoto
09/06/06 04:23:44.315 prjWeb: Se ha forzado la interrupción de una conexión existente por el host remoto
09/06/06 04:23:44.315 prjWeb: Se ha forzado la interrupción de una conexión existente por el host remoto
09/06/06 04:39:15.733 prjWeb: Se ha anulado una conexión establecida por el software en su equipo host.
09/06/06 04:39:15.734 prjWeb: Se ha anulado una conexión establecida por el software en su equipo host.
